2022-09-13 19:59:18.017766: W tensorflow/stream_executor/platform/default/dso_loader.cc:64] Could not load dynamic library 'libcudart.so.11.0'; dlerror: libcudart.so.11.0: cannot open shared object file: No such file or directory
2022-09-13 19:59:18.022021: I tensorflow/stream_executor/cuda/cudart_stub.cc:29] Ignore above cudart dlerror if you do not have a GPU set up on your machine.
2022-09-13 20:00:59.526856: W tensorflow/stream_executor/platform/default/dso_loader.cc:64] Could not load dynamic library 'libcuda.so.1'; dlerror: libcuda.so.1: cannot open shared object file: No such file or directory
2022-09-13 20:00:59.531184: W tensorflow/stream_executor/cuda/cuda_driver.cc:269] failed call to cuInit: UNKNOWN ERROR (303)
2022-09-13 20:00:59.531244: I tensorflow/stream_executor/cuda/cuda_diagnostics.cc:156] kernel driver does not appear to be running on this host (grover.exbio.wzw.tum.de): /proc/driver/nvidia/version does not exist
2022-09-13 20:00:59.538148: I tensorflow/core/platform/cpu_feature_guard.cc:151] This TensorFlow binary is optimized with oneAPI Deep Neural Network Library (oneDNN) to use the following CPU instructions in performance-critical operations:  AVX2 AVX512F FMA
To enable them in other operations, rebuild TensorFlow with the appropriate compiler flags.
2022-09-13 20:36:38.993278: W tensorflow/core/framework/cpu_allocator_impl.cc:82] Allocation of 3425092000 exceeds 10% of free system memory.
2022-09-13 20:37:01.856427: W tensorflow/core/framework/cpu_allocator_impl.cc:82] Allocation of 3425092000 exceeds 10% of free system memory.
2022-09-13 21:13:20.583308: W tensorflow/core/framework/cpu_allocator_impl.cc:82] Allocation of 4573204000 exceeds 10% of free system memory.
2022-09-13 21:13:47.390122: W tensorflow/core/framework/cpu_allocator_impl.cc:82] Allocation of 4573204000 exceeds 10% of free system memory.
2022-09-13 21:59:35.625827: W tensorflow/core/framework/cpu_allocator_impl.cc:82] Allocation of 4522612000 exceeds 10% of free system memory.
2022-09-13 22:41:30.690563: W tensorflow/stream_executor/platform/default/dso_loader.cc:64] Could not load dynamic library 'libcudart.so.11.0'; dlerror: libcudart.so.11.0: cannot open shared object file: No such file or directory
2022-09-13 22:41:30.690593: I tensorflow/stream_executor/cuda/cudart_stub.cc:29] Ignore above cudart dlerror if you do not have a GPU set up on your machine.
2022-09-13 22:42:30.470226: W tensorflow/stream_executor/platform/default/dso_loader.cc:64] Could not load dynamic library 'libcuda.so.1'; dlerror: libcuda.so.1: cannot open shared object file: No such file or directory
2022-09-13 22:42:30.470264: W tensorflow/stream_executor/cuda/cuda_driver.cc:269] failed call to cuInit: UNKNOWN ERROR (303)
2022-09-13 22:42:30.470283: I tensorflow/stream_executor/cuda/cuda_diagnostics.cc:156] kernel driver does not appear to be running on this host (grover.exbio.wzw.tum.de): /proc/driver/nvidia/version does not exist
2022-09-13 22:42:30.470563: I tensorflow/core/platform/cpu_feature_guard.cc:151] This TensorFlow binary is optimized with oneAPI Deep Neural Network Library (oneDNN) to use the following CPU instructions in performance-critical operations:  AVX2 AVX512F FMA
To enable them in other operations, rebuild TensorFlow with the appropriate compiler flags.
2022-09-14 01:22:19.968119: W tensorflow/stream_executor/platform/default/dso_loader.cc:64] Could not load dynamic library 'libcudart.so.11.0'; dlerror: libcudart.so.11.0: cannot open shared object file: No such file or directory
2022-09-14 01:22:19.968152: I tensorflow/stream_executor/cuda/cudart_stub.cc:29] Ignore above cudart dlerror if you do not have a GPU set up on your machine.
2022-09-14 01:23:02.016959: W tensorflow/stream_executor/platform/default/dso_loader.cc:64] Could not load dynamic library 'libcuda.so.1'; dlerror: libcuda.so.1: cannot open shared object file: No such file or directory
2022-09-14 01:23:02.016994: W tensorflow/stream_executor/cuda/cuda_driver.cc:269] failed call to cuInit: UNKNOWN ERROR (303)
2022-09-14 01:23:02.017014: I tensorflow/stream_executor/cuda/cuda_diagnostics.cc:156] kernel driver does not appear to be running on this host (grover.exbio.wzw.tum.de): /proc/driver/nvidia/version does not exist
2022-09-14 01:23:02.017301: I tensorflow/core/platform/cpu_feature_guard.cc:151] This TensorFlow binary is optimized with oneAPI Deep Neural Network Library (oneDNN) to use the following CPU instructions in performance-critical operations:  AVX2 AVX512F FMA
To enable them in other operations, rebuild TensorFlow with the appropriate compiler flags.
