Traceback (most recent call last):
  File "run.py", line 169, in <module>
    run_degree_algorithm(rewire=False, partition=False, gold=True)
  File "run.py", line 113, in run_degree_algorithm
    scores_hf = semi_supervised_analysis(lg, shuffle_labels=False, rewired=False, method_name='Harmonic function')
  File "/nfs/home/students/jbernett/data-leakage-ppi-prediction/algorithms/Custom/learn_models.py", line 72, in semi_supervised_analysis
    predicted_labels = _get_method(method_name)(tmp_lg)
  File "/nfs/home/students/jbernett/.conda/envs/deep_PPIs/lib/python3.8/site-packages/networkx/utils/decorators.py", line 816, in func
    return argmap._lazy_compile(__wrapper)(*args, **kwargs)
  File "<class 'networkx.utils.decorators.argmap'> compilation 8", line 4, in argmap_harmonic_function_5
  File "/nfs/home/students/jbernett/.conda/envs/deep_PPIs/lib/python3.8/site-packages/networkx/algorithms/node_classification/hmn.py", line 81, in harmonic_function
    P[labels[:, 0]] = 0  # labels[:, 0] indicates IDs of labeled nodes
  File "/nfs/home/students/jbernett/.conda/envs/deep_PPIs/lib/python3.8/site-packages/scipy/sparse/_lil.py", line 332, in __setitem__
    IndexMixin.__setitem__(self, key, x)
  File "/nfs/home/students/jbernett/.conda/envs/deep_PPIs/lib/python3.8/site-packages/scipy/sparse/_index.py", line 146, in __setitem__
    self._set_arrayXarray(i, j, x)
  File "/nfs/home/students/jbernett/.conda/envs/deep_PPIs/lib/python3.8/site-packages/scipy/sparse/_lil.py", line 303, in _set_arrayXarray
    i, j, x = map(np.atleast_2d, _prepare_index_for_memoryview(row, col, x))
  File "/nfs/home/students/jbernett/.conda/envs/deep_PPIs/lib/python3.8/site-packages/scipy/sparse/_lil.py", line 518, in _prepare_index_for_memoryview
    x = x.copy()
numpy.core._exceptions.MemoryError: Unable to allocate 439. GiB for an array with shape (219398, 268798) and data type float64
