########################### ORIGINAL ###########################
##### guo dataset, PCA encoding
sampling more negatives (4483 positives, 4474 negatives)...
sampling more negatives (1098 positives, 1097 negatives)...
Train: 4483 positive PPIs, 4483 negative PPIs, all: 8966
Test: 1098 positive PPIs, 1098 negative PPIs, all: 2196
Fitting RF ...
Predicting ...
Accuracy: 0.7013
Precision: 0.6945
Sensitivity/Recall: 0.7186
Specificity: 0.684
F1: 0.7064
MCC: 0.4028
time elapsed: 12.038825035095215
Fitting SVM ...
Predicting ...
Accuracy: 0.5915
Precision: 0.6192
Sensitivity/Recall: 0.4754
Specificity: 0.7077
F1: 0.5379
MCC: 0.1882
time elapsed: 15.066455364227295
##### guo dataset, MDS encoding
sampling more negatives (4483 positives, 4474 negatives)...
sampling more negatives (1098 positives, 1097 negatives)...
Train: 4483 positive PPIs, 4483 negative PPIs, all: 8966
Test: 1098 positive PPIs, 1098 negative PPIs, all: 2196
Fitting RF ...
Predicting ...
Accuracy: 0.7268
Precision: 0.7306
Sensitivity/Recall: 0.7186
Specificity: 0.735
F1: 0.7245
MCC: 0.4536
time elapsed: 2.2366561889648438
Fitting SVM ...
Predicting ...
Accuracy: 0.6967
Precision: 0.6918
Sensitivity/Recall: 0.7095
Specificity: 0.684
F1: 0.7005
MCC: 0.3936
time elapsed: 14.999024868011475
##### guo dataset, node2vec encoding
sampling more negatives (4422 positives, 4373 negatives)...
randomly dropping negatives (1079 positives, 1086 negatives)...
Train: 4422 positive PPIs, 4422 negative PPIs, all: 8844
Test: 1079 positive PPIs, 1079 negative PPIs, all: 2158
Fitting RF ...
Predicting ...
Accuracy: 0.715
Precision: 0.7148
Sensitivity/Recall: 0.7155
Specificity: 0.7146
F1: 0.7151
MCC: 0.43
time elapsed: 2.5900797843933105
Fitting SVM ...
Predicting ...
Accuracy: 0.6548
Precision: 0.6615
Sensitivity/Recall: 0.6339
Specificity: 0.6756
F1: 0.6474
MCC: 0.3098
time elapsed: 12.806492567062378
##### huang dataset, PCA encoding
sampling more negatives (2657 positives, 2654 negatives)...
randomly dropping negatives (686 positives, 686 negatives)...
Train: 2657 positive PPIs, 2657 negative PPIs, all: 5314
Test: 686 positive PPIs, 686 negative PPIs, all: 1372
Fitting RF ...
Predicting ...
Accuracy: 0.9628
Precision: 0.9774
Sensitivity/Recall: 0.9475
Specificity: 0.9781
F1: 0.9623
MCC: 0.9261
time elapsed: 1.2846057415008545
Fitting SVM ...
Predicting ...
Accuracy: 0.6851
Precision: 0.8629
Sensitivity/Recall: 0.4402
Specificity: 0.93
F1: 0.583
MCC: 0.4247
time elapsed: 3.9860856533050537
##### huang dataset, MDS encoding
sampling more negatives (2657 positives, 2654 negatives)...
randomly dropping negatives (686 positives, 686 negatives)...
Train: 2657 positive PPIs, 2657 negative PPIs, all: 5314
Test: 686 positive PPIs, 686 negative PPIs, all: 1372
Fitting RF ...
Predicting ...
Accuracy: 0.9687
Precision: 0.9721
Sensitivity/Recall: 0.965
Specificity: 0.9723
F1: 0.9685
MCC: 0.9373
time elapsed: 1.3602025508880615
Fitting SVM ...
Predicting ...
Accuracy: 0.9315
Precision: 0.9625
Sensitivity/Recall: 0.898
Specificity: 0.965
F1: 0.9291
MCC: 0.8649
time elapsed: 4.854564666748047
##### huang dataset, node2vec encoding
sampling more negatives (2636 positives, 2617 negatives)...
sampling more negatives (682 positives, 674 negatives)...
Train: 2636 positive PPIs, 2636 negative PPIs, all: 5272
Test: 682 positive PPIs, 682 negative PPIs, all: 1364
Fitting RF ...
Predicting ...
Accuracy: 0.9494
Precision: 0.9623
Sensitivity/Recall: 0.9355
Specificity: 0.9633
F1: 0.9487
MCC: 0.8992
time elapsed: 2.5377824306488037
Fitting SVM ...
Predicting ...
Accuracy: 0.7221
Precision: 0.8
Sensitivity/Recall: 0.5924
Specificity: 0.8519
F1: 0.6807
MCC: 0.46
time elapsed: 5.554291725158691
##### du dataset, PCA encoding
randomly dropping negatives (13757 positives, 13757 negatives)...
randomly dropping negatives (3499 positives, 3499 negatives)...
Train: 13757 positive PPIs, 13757 negative PPIs, all: 27514
Test: 3499 positive PPIs, 3499 negative PPIs, all: 6998
Fitting RF ...
Predicting ...
Accuracy: 0.8834
Precision: 0.8912
Sensitivity/Recall: 0.8734
Specificity: 0.8934
F1: 0.8822
MCC: 0.7669
time elapsed: 5.8578479290008545
Fitting SVM ...
Predicting ...
Accuracy: 0.6965
Precision: 0.8071
Sensitivity/Recall: 0.5164
Specificity: 0.8765
F1: 0.6298
MCC: 0.4212
time elapsed: 214.82420182228088
##### du dataset, MDS encoding
randomly dropping negatives (13757 positives, 13757 negatives)...
randomly dropping negatives (3499 positives, 3499 negatives)...
Train: 13757 positive PPIs, 13757 negative PPIs, all: 27514
Test: 3499 positive PPIs, 3499 negative PPIs, all: 6998
Fitting RF ...
Predicting ...
Accuracy: 0.8805
Precision: 0.8867
Sensitivity/Recall: 0.8725
Specificity: 0.8885
F1: 0.8796
MCC: 0.7612
time elapsed: 5.754525899887085
Fitting SVM ...
Predicting ...
Accuracy: 0.8931
Precision: 0.8947
Sensitivity/Recall: 0.8911
Specificity: 0.8951
F1: 0.8929
MCC: 0.7862
time elapsed: 493.7945740222931
##### du dataset, node2vec encoding
sampling more negatives (13483 positives, 13453 negatives)...
sampling more negatives (3423 positives, 3418 negatives)...
Train: 13483 positive PPIs, 13483 negative PPIs, all: 26966
Test: 3423 positive PPIs, 3423 negative PPIs, all: 6846
Fitting RF ...
Predicting ...
Accuracy: 0.8805
Precision: 0.8868
Sensitivity/Recall: 0.8723
Specificity: 0.8887
F1: 0.8795
MCC: 0.7611
time elapsed: 6.595238208770752
Fitting SVM ...
Predicting ...
Accuracy: 0.8494
Precision: 0.8629
Sensitivity/Recall: 0.8309
Specificity: 0.868
F1: 0.8466
MCC: 0.6993
time elapsed: 240.6751561164856
##### pan dataset, PCA encoding
sampling more negatives (25206 positives, 25123 negatives)...
sampling more negatives (6273 positives, 6250 negatives)...
Train: 25206 positive PPIs, 25206 negative PPIs, all: 50412
Test: 6273 positive PPIs, 6273 negative PPIs, all: 12546
Fitting RF ...
Predicting ...
Accuracy: 0.975
Precision: 0.982
Sensitivity/Recall: 0.9676
Specificity: 0.9823
F1: 0.9748
MCC: 0.95
time elapsed: 13.497527599334717
Fitting SVM ...
Predicting ...
Accuracy: 0.8035
Precision: 0.9003
Sensitivity/Recall: 0.6826
Specificity: 0.9244
F1: 0.7765
MCC: 0.6256
time elapsed: 671.4522337913513
##### pan dataset, MDS encoding
sampling more negatives (25206 positives, 25123 negatives)...
sampling more negatives (6273 positives, 6250 negatives)...
Train: 25206 positive PPIs, 25206 negative PPIs, all: 50412
Test: 6273 positive PPIs, 6273 negative PPIs, all: 12546
Fitting RF ...
Predicting ...
Accuracy: 0.9768
Precision: 0.9835
Sensitivity/Recall: 0.9699
Specificity: 0.9837
F1: 0.9766
MCC: 0.9537
time elapsed: 17.21188712120056
Fitting SVM ...
Predicting ...
Accuracy: 0.9727
Precision: 0.9809
Sensitivity/Recall: 0.9643
Specificity: 0.9812
F1: 0.9725
MCC: 0.9456
time elapsed: 2519.5596358776093
##### pan dataset, node2vec encoding
sampling more negatives (25140 positives, 24995 negatives)...
sampling more negatives (6251 positives, 6220 negatives)...
Train: 25140 positive PPIs, 25140 negative PPIs, all: 50280
Test: 6251 positive PPIs, 6251 negative PPIs, all: 12502
Fitting RF ...
Predicting ...
Accuracy: 0.9716
Precision: 0.9811
Sensitivity/Recall: 0.9618
Specificity: 0.9814
F1: 0.9713
MCC: 0.9434
time elapsed: 16.582656145095825
Fitting SVM ...
Predicting ...
Accuracy: 0.8103
Precision: 0.8692
Sensitivity/Recall: 0.7304
Specificity: 0.8901
F1: 0.7938
MCC: 0.6286
time elapsed: 597.242466211319
##### richoux_regular dataset, PCA encoding
sampling more negatives (33416 positives, 32778 negatives)...
sampling more negatives (6190 positives, 6052 negatives)...
Train: 33416 positive PPIs, 33416 negative PPIs, all: 66832
Test: 6190 positive PPIs, 6190 negative PPIs, all: 12380
Fitting RF ...
Predicting ...
Accuracy: 0.9208
Precision: 0.8822
Sensitivity/Recall: 0.9714
Specificity: 0.8703
F1: 0.9247
MCC: 0.846
time elapsed: 27.864795684814453
Fitting SVM ...
Predicting ...
Accuracy: 0.7155
Precision: 0.7654
Sensitivity/Recall: 0.6215
Specificity: 0.8095
F1: 0.686
MCC: 0.4388
time elapsed: 1493.5499820709229
##### richoux_regular dataset, MDS encoding
sampling more negatives (33416 positives, 32778 negatives)...
sampling more negatives (6190 positives, 6052 negatives)...
Train: 33416 positive PPIs, 33416 negative PPIs, all: 66832
Test: 6190 positive PPIs, 6190 negative PPIs, all: 12380
Fitting RF ...
Predicting ...
Accuracy: 0.9171
Precision: 0.8775
Sensitivity/Recall: 0.9696
Specificity: 0.8646
F1: 0.9213
MCC: 0.8389
time elapsed: 34.331514835357666
Fitting SVM ...
Predicting ...
Accuracy: 0.8865
Precision: 0.8888
Sensitivity/Recall: 0.8835
Specificity: 0.8895
F1: 0.8862
MCC: 0.773
time elapsed: 4942.041835308075
##### richoux_regular dataset, node2vec encoding
sampling more negatives (32908 positives, 32342 negatives)...
sampling more negatives (5962 positives, 5956 negatives)...
Train: 32908 positive PPIs, 32908 negative PPIs, all: 65816
Test: 5962 positive PPIs, 5962 negative PPIs, all: 11924
Fitting RF ...
Predicting ...
Accuracy: 0.9131
Precision: 0.8702
Sensitivity/Recall: 0.9712
Specificity: 0.8551
F1: 0.9179
MCC: 0.8319
time elapsed: 26.51092267036438
Fitting SVM ...
Predicting ...
Accuracy: 0.7219
Precision: 0.7507
Sensitivity/Recall: 0.6645
Specificity: 0.7793
F1: 0.705
MCC: 0.4468
time elapsed: 1301.9557480812073
##### richoux_strict dataset, PCA encoding
sampling more negatives (33786 positives, 33150 negatives)...
sampling more negatives (258 positives, 256 negatives)...
Train: 33786 positive PPIs, 33786 negative PPIs, all: 67572
Test: 258 positive PPIs, 258 negative PPIs, all: 516
Fitting RF ...
Predicting ...
Accuracy: 0.7035
Precision: 0.8344
Sensitivity/Recall: 0.5078
Specificity: 0.8992
F1: 0.6313
MCC: 0.4423
time elapsed: 27.572848796844482
Fitting SVM ...
Predicting ...
Accuracy: 0.6492
Precision: 0.7104
Sensitivity/Recall: 0.5039
Specificity: 0.7946
F1: 0.5896
MCC: 0.3119
time elapsed: 1331.575802564621
##### richoux_strict dataset, MDS encoding
sampling more negatives (33786 positives, 33150 negatives)...
sampling more negatives (258 positives, 256 negatives)...
Train: 33786 positive PPIs, 33786 negative PPIs, all: 67572
Test: 258 positive PPIs, 258 negative PPIs, all: 516
Fitting RF ...
Predicting ...
Accuracy: 0.7306
Precision: 0.8606
Sensitivity/Recall: 0.5504
Specificity: 0.9109
F1: 0.6714
MCC: 0.4945
time elapsed: 33.0712833404541
Fitting SVM ...
Predicting ...
Accuracy: 0.7209
Precision: 0.8353
Sensitivity/Recall: 0.5504
Specificity: 0.8915
F1: 0.6636
MCC: 0.47
time elapsed: 2968.0431344509125
##### richoux_strict dataset, node2vec encoding
sampling more negatives (33254 positives, 32703 negatives)...
sampling more negatives (258 positives, 248 negatives)...
Train: 33254 positive PPIs, 33254 negative PPIs, all: 66508
Test: 258 positive PPIs, 258 negative PPIs, all: 516
Fitting RF ...
Predicting ...
Accuracy: 0.7326
Precision: 0.8333
Sensitivity/Recall: 0.5814
Specificity: 0.8837
F1: 0.6849
MCC: 0.488
time elapsed: 26.664963245391846
Fitting SVM ...
Predicting ...
Accuracy: 0.6667
Precision: 0.7263
Sensitivity/Recall: 0.5349
Specificity: 0.7984
F1: 0.6161
MCC: 0.3456
time elapsed: 1126.1374204158783
########################### REWIRED ###########################
##### guo dataset, PCA encoding
sampling more negatives (4483 positives, 4476 negatives)...
sampling more negatives (1145 positives, 1142 negatives)...
Train: 4483 positive PPIs, 4483 negative PPIs, all: 8966
Test: 1145 positive PPIs, 1145 negative PPIs, all: 2290
Fitting RF ...
Predicting ...
Accuracy: 0.6638
Precision: 0.6767
Sensitivity/Recall: 0.6271
Specificity: 0.7004
F1: 0.651
MCC: 0.3284
time elapsed: 6.305969715118408
Fitting SVM ...
Predicting ...
Accuracy: 0.5769
Precision: 0.5984
Sensitivity/Recall: 0.4672
Specificity: 0.6865
F1: 0.5248
MCC: 0.1575
time elapsed: 13.718451499938965
##### guo dataset, MDS encoding
sampling more negatives (4483 positives, 4476 negatives)...
sampling more negatives (1145 positives, 1142 negatives)...
Train: 4483 positive PPIs, 4483 negative PPIs, all: 8966
Test: 1145 positive PPIs, 1145 negative PPIs, all: 2290
Fitting RF ...
Predicting ...
Accuracy: 0.659
Precision: 0.6816
Sensitivity/Recall: 0.5965
Specificity: 0.7214
F1: 0.6362
MCC: 0.3204
time elapsed: 2.0823864936828613
Fitting SVM ...
Predicting ...
Accuracy: 0.645
Precision: 0.6569
Sensitivity/Recall: 0.607
Specificity: 0.683
F1: 0.631
MCC: 0.2908
time elapsed: 14.841658115386963
##### guo dataset, node2vec encoding
sampling more negatives (4434 positives, 4383 negatives)...
sampling more negatives (1132 positives, 1123 negatives)...
Train: 4434 positive PPIs, 4434 negative PPIs, all: 8868
Test: 1132 positive PPIs, 1132 negative PPIs, all: 2264
Fitting RF ...
Predicting ...
Accuracy: 0.655
Precision: 0.68
Sensitivity/Recall: 0.5857
Specificity: 0.7244
F1: 0.6293
MCC: 0.3131
time elapsed: 2.5164074897766113
Fitting SVM ...
Predicting ...
Accuracy: 0.6193
Precision: 0.6308
Sensitivity/Recall: 0.5751
Specificity: 0.6634
F1: 0.6017
MCC: 0.2395
time elapsed: 14.537153005599976
##### huang dataset, PCA encoding
sampling more negatives (2677 positives, 2670 negatives)...
randomly dropping negatives (682 positives, 683 negatives)...
Train: 2677 positive PPIs, 2677 negative PPIs, all: 5354
Test: 682 positive PPIs, 682 negative PPIs, all: 1364
Fitting RF ...
Predicting ...
Accuracy: 0.8468
Precision: 0.8909
Sensitivity/Recall: 0.7903
Specificity: 0.9032
F1: 0.8376
MCC: 0.698
time elapsed: 1.137225866317749
Fitting SVM ...
Predicting ...
Accuracy: 0.6569
Precision: 0.8185
Sensitivity/Recall: 0.4032
Specificity: 0.9106
F1: 0.5403
MCC: 0.3641
time elapsed: 4.323144197463989
##### huang dataset, MDS encoding
sampling more negatives (2677 positives, 2670 negatives)...
randomly dropping negatives (682 positives, 683 negatives)...
Train: 2677 positive PPIs, 2677 negative PPIs, all: 5354
Test: 682 positive PPIs, 682 negative PPIs, all: 1364
Fitting RF ...
Predicting ...
Accuracy: 0.871
Precision: 0.8776
Sensitivity/Recall: 0.8622
Specificity: 0.8798
F1: 0.8698
MCC: 0.7421
time elapsed: 1.1363396644592285
Fitting SVM ...
Predicting ...
Accuracy: 0.8343
Precision: 0.8738
Sensitivity/Recall: 0.7815
Specificity: 0.8871
F1: 0.8251
MCC: 0.6724
time elapsed: 4.791347503662109
##### huang dataset, node2vec encoding
sampling more negatives (2662 positives, 2634 negatives)...
sampling more negatives (674 positives, 673 negatives)...
Train: 2662 positive PPIs, 2662 negative PPIs, all: 5324
Test: 674 positive PPIs, 674 negative PPIs, all: 1348
Fitting RF ...
Predicting ...
Accuracy: 0.8665
Precision: 0.9186
Sensitivity/Recall: 0.8042
Specificity: 0.9288
F1: 0.8576
MCC: 0.7387
time elapsed: 2.382228374481201
Fitting SVM ...
Predicting ...
Accuracy: 0.6432
Precision: 0.6896
Sensitivity/Recall: 0.5208
Specificity: 0.7656
F1: 0.5934
MCC: 0.2953
time elapsed: 5.553427457809448
##### du dataset, PCA encoding
sampling more negatives (13729 positives, 13728 negatives)...
randomly dropping negatives (3479 positives, 3479 negatives)...
Train: 13729 positive PPIs, 13729 negative PPIs, all: 27458
Test: 3479 positive PPIs, 3479 negative PPIs, all: 6958
Fitting RF ...
Predicting ...
Accuracy: 0.7603
Precision: 0.7375
Sensitivity/Recall: 0.8083
Specificity: 0.7123
F1: 0.7713
MCC: 0.523
time elapsed: 5.485223770141602
Fitting SVM ...
Predicting ...
Accuracy: 0.6406
Precision: 0.7077
Sensitivity/Recall: 0.4789
Specificity: 0.8022
F1: 0.5712
MCC: 0.2971
time elapsed: 233.6379849910736
##### du dataset, MDS encoding
sampling more negatives (13729 positives, 13728 negatives)...
randomly dropping negatives (3479 positives, 3479 negatives)...
Train: 13729 positive PPIs, 13729 negative PPIs, all: 27458
Test: 3479 positive PPIs, 3479 negative PPIs, all: 6958
Fitting RF ...
Predicting ...
Accuracy: 0.7505
Precision: 0.7199
Sensitivity/Recall: 0.8201
Specificity: 0.6809
F1: 0.7667
MCC: 0.5059
time elapsed: 5.322440147399902
Fitting SVM ...
Predicting ...
Accuracy: 0.8044
Precision: 0.7971
Sensitivity/Recall: 0.8166
Specificity: 0.7922
F1: 0.8068
MCC: 0.609
time elapsed: 441.4262206554413
##### du dataset, node2vec encoding
sampling more negatives (13452 positives, 13388 negatives)...
randomly dropping negatives (3400 positives, 3402 negatives)...
Train: 13452 positive PPIs, 13452 negative PPIs, all: 26904
Test: 3400 positive PPIs, 3400 negative PPIs, all: 6800
Fitting RF ...
Predicting ...
Accuracy: 0.7728
Precision: 0.7467
Sensitivity/Recall: 0.8256
Specificity: 0.72
F1: 0.7842
MCC: 0.5487
time elapsed: 6.587971210479736
Fitting SVM ...
Predicting ...
Accuracy: 0.7565
Precision: 0.7615
Sensitivity/Recall: 0.7468
Specificity: 0.7662
F1: 0.7541
MCC: 0.513
time elapsed: 234.5884130001068
##### pan dataset, PCA encoding
sampling more negatives (25195 positives, 25110 negatives)...
sampling more negatives (6291 positives, 6263 negatives)...
Train: 25195 positive PPIs, 25195 negative PPIs, all: 50390
Test: 6291 positive PPIs, 6291 negative PPIs, all: 12582
Fitting RF ...
Predicting ...
Accuracy: 0.8813
Precision: 0.8835
Sensitivity/Recall: 0.8786
Specificity: 0.8841
F1: 0.881
MCC: 0.7627
time elapsed: 14.322425365447998
Fitting SVM ...
Predicting ...
Accuracy: 0.7323
Precision: 0.8224
Sensitivity/Recall: 0.5926
Specificity: 0.872
F1: 0.6888
MCC: 0.4839
time elapsed: 733.9652502536774
##### pan dataset, MDS encoding
sampling more negatives (25195 positives, 25110 negatives)...
sampling more negatives (6291 positives, 6263 negatives)...
Train: 25195 positive PPIs, 25195 negative PPIs, all: 50390
Test: 6291 positive PPIs, 6291 negative PPIs, all: 12582
Fitting RF ...
Predicting ...
Accuracy: 0.8353
Precision: 0.7968
Sensitivity/Recall: 0.9002
Specificity: 0.7705
F1: 0.8454
MCC: 0.6764
time elapsed: 15.945502281188965
Fitting SVM ...
Predicting ...
Accuracy: 0.8849
Precision: 0.8791
Sensitivity/Recall: 0.8925
Specificity: 0.8773
F1: 0.8858
MCC: 0.7699
time elapsed: 3189.7229347229004
##### pan dataset, node2vec encoding
sampling more negatives (25129 positives, 24988 negatives)...
sampling more negatives (6271 positives, 6222 negatives)...
Train: 25129 positive PPIs, 25129 negative PPIs, all: 50258
Test: 6271 positive PPIs, 6271 negative PPIs, all: 12542
Fitting RF ...
Predicting ...
Accuracy: 0.8944
Precision: 0.9051
Sensitivity/Recall: 0.881
Specificity: 0.9077
F1: 0.8929
MCC: 0.789
time elapsed: 29.21790885925293
Fitting SVM ...
Predicting ...
Accuracy: 0.719
Precision: 0.7917
Sensitivity/Recall: 0.5945
Specificity: 0.8436
F1: 0.6791
MCC: 0.4523
time elapsed: 727.343789100647
##### richoux_regular dataset, PCA encoding
sampling more negatives (33534 positives, 32865 negatives)...
sampling more negatives (6190 positives, 6050 negatives)...
Train: 33534 positive PPIs, 33534 negative PPIs, all: 67068
Test: 6190 positive PPIs, 6190 negative PPIs, all: 12380
Fitting RF ...
Predicting ...
Accuracy: 0.8368
Precision: 0.846
Sensitivity/Recall: 0.8234
Specificity: 0.8501
F1: 0.8345
MCC: 0.6737
time elapsed: 28.282599210739136
Fitting SVM ...
Predicting ...
Accuracy: 0.6964
Precision: 0.742
Sensitivity/Recall: 0.6021
Specificity: 0.7906
F1: 0.6648
MCC: 0.3999
time elapsed: 1599.5023531913757
##### richoux_regular dataset, MDS encoding
sampling more negatives (33534 positives, 32865 negatives)...
sampling more negatives (6190 positives, 6050 negatives)...
Train: 33534 positive PPIs, 33534 negative PPIs, all: 67068
Test: 6190 positive PPIs, 6190 negative PPIs, all: 12380
Fitting RF ...
Predicting ...
Accuracy: 0.8716
Precision: 0.8664
Sensitivity/Recall: 0.8787
Specificity: 0.8645
F1: 0.8725
MCC: 0.7432
time elapsed: 33.150256872177124
Fitting SVM ...
Predicting ...
Accuracy: 0.8322
Precision: 0.8756
Sensitivity/Recall: 0.7745
Specificity: 0.89
F1: 0.8219
MCC: 0.6689
time elapsed: 2986.191981077194
##### richoux_regular dataset, node2vec encoding
sampling more negatives (33020 positives, 32429 negatives)...
sampling more negatives (5962 positives, 5958 negatives)...
Train: 33020 positive PPIs, 33020 negative PPIs, all: 66040
Test: 5962 positive PPIs, 5962 negative PPIs, all: 11924
Fitting RF ...
Predicting ...
Accuracy: 0.8218
Precision: 0.8366
Sensitivity/Recall: 0.7997
Specificity: 0.8438
F1: 0.8178
MCC: 0.6442
time elapsed: 27.27658438682556
Fitting SVM ...
Predicting ...
Accuracy: 0.7064
Precision: 0.7328
Sensitivity/Recall: 0.6496
Specificity: 0.7632
F1: 0.6887
MCC: 0.4155
time elapsed: 1331.613308429718
##### richoux_strict dataset, PCA encoding
sampling more negatives (33828 positives, 33225 negatives)...
sampling more negatives (258 positives, 255 negatives)...
Train: 33828 positive PPIs, 33828 negative PPIs, all: 67656
Test: 258 positive PPIs, 258 negative PPIs, all: 516
Fitting RF ...
Predicting ...
Accuracy: 0.6957
Precision: 0.8061
Sensitivity/Recall: 0.5155
Specificity: 0.876
F1: 0.6288
MCC: 0.4197
time elapsed: 27.0353684425354
Fitting SVM ...
Predicting ...
Accuracy: 0.655
Precision: 0.7198
Sensitivity/Recall: 0.5078
Specificity: 0.8023
F1: 0.5955
MCC: 0.3245
time elapsed: 1367.876582622528
##### richoux_strict dataset, MDS encoding
sampling more negatives (33828 positives, 33225 negatives)...
sampling more negatives (258 positives, 255 negatives)...
Train: 33828 positive PPIs, 33828 negative PPIs, all: 67656
Test: 258 positive PPIs, 258 negative PPIs, all: 516
Fitting RF ...
Predicting ...
Accuracy: 0.7248
Precision: 0.8671
Sensitivity/Recall: 0.531
Specificity: 0.9186
F1: 0.6587
MCC: 0.4877
time elapsed: 32.40485191345215
Fitting SVM ...
Predicting ...
Accuracy: 0.6841
Precision: 0.7914
Sensitivity/Recall: 0.5
Specificity: 0.8682
F1: 0.6128
MCC: 0.396
time elapsed: 2847.071543455124
##### richoux_strict dataset, node2vec encoding
sampling more negatives (33248 positives, 32773 negatives)...
sampling more negatives (258 positives, 245 negatives)...
Train: 33248 positive PPIs, 33248 negative PPIs, all: 66496
Test: 258 positive PPIs, 258 negative PPIs, all: 516
Fitting RF ...
Predicting ...
Accuracy: 0.7209
Precision: 0.8434
Sensitivity/Recall: 0.5426
Specificity: 0.8992
F1: 0.6604
MCC: 0.473
time elapsed: 26.08330750465393
Fitting SVM ...
Predicting ...
Accuracy: 0.6647
Precision: 0.7457
Sensitivity/Recall: 0.5
Specificity: 0.8295
F1: 0.5986
MCC: 0.3489
time elapsed: 1149.183857679367
########################### PARTITION ###########################
##### guo dataset, PCA encoding, train: both, test: 0
Loading partition datasets for guo, train on both, test on 0
Loading PCA encoding ...
randomly dropping negatives (1872 positives, 1872 negatives)...
randomly dropping negatives (2929 positives, 2929 negatives)...
Train: 1872 positive PPIs, 1872 negative PPIs, all: 3744
Test: 2929 positive PPIs, 2929 negative PPIs, all: 5858
Fitting RF ...
Predicting ...
Accuracy: 0.7742
Precision: 0.7313
Sensitivity/Recall: 0.8668
Specificity: 0.6815
F1: 0.7933
MCC: 0.558
time elapsed: 2.951742172241211
Fitting SVM ...
Predicting ...
Accuracy: 0.6413
Precision: 0.6985
Sensitivity/Recall: 0.4974
Specificity: 0.7853
F1: 0.5811
MCC: 0.2952
time elapsed: 5.318435907363892
##### guo dataset, PCA encoding, train: both, test: 1
Loading partition datasets for guo, train on both, test on 1
Loading PCA encoding ...
randomly dropping negatives (1872 positives, 1872 negatives)...
randomly dropping negatives (682 positives, 682 negatives)...
Train: 1872 positive PPIs, 1872 negative PPIs, all: 3744
Test: 682 positive PPIs, 682 negative PPIs, all: 1364
Fitting RF ...
Predicting ...
Accuracy: 0.9062
Precision: 0.9679
Sensitivity/Recall: 0.8402
Specificity: 0.9721
F1: 0.8995
MCC: 0.8195
time elapsed: 0.8327670097351074
Fitting SVM ...
Predicting ...
Accuracy: 0.6796
Precision: 0.8614
Sensitivity/Recall: 0.4282
Specificity: 0.9311
F1: 0.572
MCC: 0.4156
time elapsed: 2.244065046310425
##### guo dataset, PCA encoding, train: 0, test: 1
Loading partition datasets for guo, train on 0, test on 1
Loading PCA encoding ...
randomly dropping negatives (2929 positives, 2929 negatives)...
randomly dropping negatives (682 positives, 682 negatives)...
Train: 2929 positive PPIs, 2929 negative PPIs, all: 5858
Test: 682 positive PPIs, 682 negative PPIs, all: 1364
Fitting RF ...
Predicting ...
Accuracy: 0.5095
Precision: 0.5144
Sensitivity/Recall: 0.3402
Specificity: 0.6789
F1: 0.4095
MCC: 0.0203
time elapsed: 1.0632820129394531
Fitting SVM ...
Predicting ...
Accuracy: 0.5227
Precision: 0.5585
Sensitivity/Recall: 0.217
Specificity: 0.8284
F1: 0.3126
MCC: 0.0574
time elapsed: 4.534451961517334
##### guo dataset, MDS encoding, train: both, test: 0
Loading partition datasets for guo, train on both, test on 0
Loading MDS encoding ...
randomly dropping negatives (1872 positives, 1872 negatives)...
randomly dropping negatives (2929 positives, 2929 negatives)...
Train: 1872 positive PPIs, 1872 negative PPIs, all: 3744
Test: 2929 positive PPIs, 2929 negative PPIs, all: 5858
Fitting RF ...
Predicting ...
Accuracy: 0.7783
Precision: 0.7203
Sensitivity/Recall: 0.9099
Specificity: 0.6466
F1: 0.804
MCC: 0.5768
time elapsed: 0.7746016979217529
Fitting SVM ...
Predicting ...
Accuracy: 0.6965
Precision: 0.6833
Sensitivity/Recall: 0.7323
Specificity: 0.6606
F1: 0.707
MCC: 0.394
time elapsed: 6.00178861618042
##### guo dataset, MDS encoding, train: both, test: 1
Loading partition datasets for guo, train on both, test on 1
Loading MDS encoding ...
randomly dropping negatives (1872 positives, 1872 negatives)...
randomly dropping negatives (682 positives, 682 negatives)...
Train: 1872 positive PPIs, 1872 negative PPIs, all: 3744
Test: 682 positive PPIs, 682 negative PPIs, all: 1364
Fitting RF ...
Predicting ...
Accuracy: 0.9164
Precision: 0.9625
Sensitivity/Recall: 0.8666
Specificity: 0.9663
F1: 0.912
MCC: 0.837
time elapsed: 0.7236521244049072
Fitting SVM ...
Predicting ...
Accuracy: 0.8006
Precision: 0.8534
Sensitivity/Recall: 0.7258
Specificity: 0.8754
F1: 0.7845
MCC: 0.608
time elapsed: 2.6331584453582764
##### guo dataset, MDS encoding, train: 0, test: 1
Loading partition datasets for guo, train on 0, test on 1
Loading MDS encoding ...
randomly dropping negatives (2929 positives, 2929 negatives)...
randomly dropping negatives (682 positives, 682 negatives)...
Train: 2929 positive PPIs, 2929 negative PPIs, all: 5858
Test: 682 positive PPIs, 682 negative PPIs, all: 1364
Fitting RF ...
Predicting ...
Accuracy: 0.5051
Precision: 0.5039
Sensitivity/Recall: 0.6716
Specificity: 0.3387
F1: 0.5757
MCC: 0.0109
time elapsed: 1.0799376964569092
Fitting SVM ...
Predicting ...
Accuracy: 0.4927
Precision: 0.4926
Sensitivity/Recall: 0.4897
Specificity: 0.4956
F1: 0.4912
MCC: -0.0147
time elapsed: 5.349050998687744
##### guo dataset, node2vec encoding, train: both, test: 0
Loading partition datasets for guo, train on both, test on 0
Loading node2vec encoding ...
randomly dropping negatives (1832 positives, 1849 negatives)...
randomly dropping negatives (2929 positives, 2929 negatives)...
Train: 1832 positive PPIs, 1832 negative PPIs, all: 3664
Test: 2929 positive PPIs, 2929 negative PPIs, all: 5858
Fitting RF ...
Predicting ...
Accuracy: 0.78
Precision: 0.7217
Sensitivity/Recall: 0.9112
Specificity: 0.6487
F1: 0.8055
MCC: 0.5803
time elapsed: 1.1263267993927002
Fitting SVM ...
Predicting ...
Accuracy: 0.684
Precision: 0.6714
Sensitivity/Recall: 0.7207
Specificity: 0.6473
F1: 0.6952
MCC: 0.369
time elapsed: 5.233214855194092
##### guo dataset, node2vec encoding, train: both, test: 1
Loading partition datasets for guo, train on both, test on 1
Loading node2vec encoding ...
randomly dropping negatives (1832 positives, 1849 negatives)...
randomly dropping negatives (656 positives, 659 negatives)...
Train: 1832 positive PPIs, 1832 negative PPIs, all: 3664
Test: 656 positive PPIs, 656 negative PPIs, all: 1312
Fitting RF ...
Predicting ...
Accuracy: 0.9131
Precision: 0.9672
Sensitivity/Recall: 0.8552
Specificity: 0.971
F1: 0.9078
MCC: 0.8318
time elapsed: 1.042931079864502
Fitting SVM ...
Predicting ...
Accuracy: 0.7607
Precision: 0.8087
Sensitivity/Recall: 0.6829
Specificity: 0.8384
F1: 0.7405
MCC: 0.5278
time elapsed: 2.38779878616333
##### guo dataset, node2vec encoding, train: 0, test: 1
Loading partition datasets for guo, train on 0, test on 1
Loading node2vec encoding ...
randomly dropping negatives (2929 positives, 2929 negatives)...
randomly dropping negatives (656 positives, 659 negatives)...
Train: 2929 positive PPIs, 2929 negative PPIs, all: 5858
Test: 656 positive PPIs, 656 negative PPIs, all: 1312
Fitting RF ...
Predicting ...
Accuracy: 0.5061
Precision: 0.5103
Sensitivity/Recall: 0.3018
Specificity: 0.7104
F1: 0.3793
MCC: 0.0134
time elapsed: 1.4603228569030762
Fitting SVM ...
Predicting ...
Accuracy: 0.5793
Precision: 0.6781
Sensitivity/Recall: 0.3018
Specificity: 0.8567
F1: 0.4177
MCC: 0.1906
time elapsed: 4.7664899826049805
##### huang dataset, PCA encoding, train: both, test: 0
Loading partition datasets for huang, train on both, test on 0
Loading PCA encoding ...
randomly dropping negatives (1485 positives, 1485 negatives)...
randomly dropping negatives (1110 positives, 1110 negatives)...
Train: 1485 positive PPIs, 1485 negative PPIs, all: 2970
Test: 1110 positive PPIs, 1110 negative PPIs, all: 2220
Fitting RF ...
Predicting ...
Accuracy: 0.8266
Precision: 0.7565
Sensitivity/Recall: 0.9631
Specificity: 0.6901
F1: 0.8474
MCC: 0.6789
time elapsed: 0.872016429901123
Fitting SVM ...
Predicting ...
Accuracy: 0.6757
Precision: 0.6744
Sensitivity/Recall: 0.6793
Specificity: 0.6721
F1: 0.6768
MCC: 0.3514
time elapsed: 2.1687748432159424
##### huang dataset, PCA encoding, train: both, test: 1
Loading partition datasets for huang, train on both, test on 1
Loading PCA encoding ...
randomly dropping negatives (1485 positives, 1485 negatives)...
randomly dropping negatives (748 positives, 748 negatives)...
Train: 1485 positive PPIs, 1485 negative PPIs, all: 2970
Test: 748 positive PPIs, 748 negative PPIs, all: 1496
Fitting RF ...
Predicting ...
Accuracy: 0.8837
Precision: 0.9799
Sensitivity/Recall: 0.7834
Specificity: 0.984
F1: 0.8707
MCC: 0.7833
time elapsed: 0.6426923274993896
Fitting SVM ...
Predicting ...
Accuracy: 0.5789
Precision: 0.9917
Sensitivity/Recall: 0.1591
Specificity: 0.9987
F1: 0.2742
MCC: 0.2904
time elapsed: 1.5521674156188965
##### huang dataset, PCA encoding, train: 0, test: 1
Loading partition datasets for huang, train on 0, test on 1
Loading PCA encoding ...
randomly dropping negatives (1110 positives, 1110 negatives)...
randomly dropping negatives (748 positives, 748 negatives)...
Train: 1110 positive PPIs, 1110 negative PPIs, all: 2220
Test: 748 positive PPIs, 748 negative PPIs, all: 1496
Fitting RF ...
Predicting ...
Accuracy: 0.5307
Precision: 0.5891
Sensitivity/Recall: 0.2032
Specificity: 0.8583
F1: 0.3022
MCC: 0.0814
time elapsed: 0.4754297733306885
Fitting SVM ...
Predicting ...
Accuracy: 0.5281
Precision: 0.6364
Sensitivity/Recall: 0.131
Specificity: 0.9251
F1: 0.2173
MCC: 0.0924
time elapsed: 1.150791883468628
##### huang dataset, MDS encoding, train: both, test: 0
Loading partition datasets for huang, train on both, test on 0
Loading MDS encoding ...
randomly dropping negatives (1485 positives, 1485 negatives)...
randomly dropping negatives (1110 positives, 1110 negatives)...
Train: 1485 positive PPIs, 1485 negative PPIs, all: 2970
Test: 1110 positive PPIs, 1110 negative PPIs, all: 2220
Fitting RF ...
Predicting ...
Accuracy: 0.8387
Precision: 0.7757
Sensitivity/Recall: 0.9532
Specificity: 0.7243
F1: 0.8553
MCC: 0.6959
time elapsed: 0.6423511505126953
Fitting SVM ...
Predicting ...
Accuracy: 0.7968
Precision: 0.7672
Sensitivity/Recall: 0.8523
Specificity: 0.7414
F1: 0.8075
MCC: 0.5974
time elapsed: 2.2679271697998047
##### huang dataset, MDS encoding, train: both, test: 1
Loading partition datasets for huang, train on both, test on 1
Loading MDS encoding ...
randomly dropping negatives (1485 positives, 1485 negatives)...
randomly dropping negatives (748 positives, 748 negatives)...
Train: 1485 positive PPIs, 1485 negative PPIs, all: 2970
Test: 748 positive PPIs, 748 negative PPIs, all: 1496
Fitting RF ...
Predicting ...
Accuracy: 0.9699
Precision: 0.9822
Sensitivity/Recall: 0.9572
Specificity: 0.9826
F1: 0.9695
MCC: 0.9401
time elapsed: 0.6213195323944092
Fitting SVM ...
Predicting ...
Accuracy: 0.8717
Precision: 0.8829
Sensitivity/Recall: 0.857
Specificity: 0.8864
F1: 0.8697
MCC: 0.7436
time elapsed: 1.8285424709320068
##### huang dataset, MDS encoding, train: 0, test: 1
Loading partition datasets for huang, train on 0, test on 1
Loading MDS encoding ...
randomly dropping negatives (1110 positives, 1110 negatives)...
randomly dropping negatives (748 positives, 748 negatives)...
Train: 1110 positive PPIs, 1110 negative PPIs, all: 2220
Test: 748 positive PPIs, 748 negative PPIs, all: 1496
Fitting RF ...
Predicting ...
Accuracy: 0.4953
Precision: 0.4969
Sensitivity/Recall: 0.7447
Specificity: 0.246
F1: 0.596
MCC: -0.0108
time elapsed: 0.48679041862487793
Fitting SVM ...
Predicting ...
Accuracy: 0.5261
Precision: 0.5219
Sensitivity/Recall: 0.6217
Specificity: 0.4305
F1: 0.5674
MCC: 0.0531
time elapsed: 1.2103216648101807
##### huang dataset, node2vec encoding, train: both, test: 0
Loading partition datasets for huang, train on both, test on 0
Loading node2vec encoding ...
randomly dropping negatives (1475 positives, 1476 negatives)...
randomly dropping negatives (1110 positives, 1110 negatives)...
Train: 1475 positive PPIs, 1475 negative PPIs, all: 2950
Test: 1110 positive PPIs, 1110 negative PPIs, all: 2220
Fitting RF ...
Predicting ...
Accuracy: 0.8176
Precision: 0.764
Sensitivity/Recall: 0.9189
Specificity: 0.7162
F1: 0.8344
MCC: 0.6486
time elapsed: 1.5459566116333008
Fitting SVM ...
Predicting ...
Accuracy: 0.6689
Precision: 0.6697
Sensitivity/Recall: 0.6667
Specificity: 0.6712
F1: 0.6682
MCC: 0.3378
time elapsed: 2.8431808948516846
##### huang dataset, node2vec encoding, train: both, test: 1
Loading partition datasets for huang, train on both, test on 1
Loading node2vec encoding ...
randomly dropping negatives (1475 positives, 1476 negatives)...
sampling more negatives (733 positives, 716 negatives)...
Train: 1475 positive PPIs, 1475 negative PPIs, all: 2950
Test: 733 positive PPIs, 733 negative PPIs, all: 1466
Fitting RF ...
Predicting ...
Accuracy: 0.9106
Precision: 0.9645
Sensitivity/Recall: 0.8527
Specificity: 0.9686
F1: 0.9051
MCC: 0.8269
time elapsed: 1.7649989128112793
Fitting SVM ...
Predicting ...
Accuracy: 0.6364
Precision: 0.6684
Sensitivity/Recall: 0.5416
Specificity: 0.7312
F1: 0.5983
MCC: 0.2779
time elapsed: 2.68798565864563
##### huang dataset, node2vec encoding, train: 0, test: 1
Loading partition datasets for huang, train on 0, test on 1
Loading node2vec encoding ...
randomly dropping negatives (1110 positives, 1110 negatives)...
sampling more negatives (733 positives, 716 negatives)...
Train: 1110 positive PPIs, 1110 negative PPIs, all: 2220
Test: 733 positive PPIs, 733 negative PPIs, all: 1466
Fitting RF ...
Predicting ...
Accuracy: 0.5641
Precision: 0.5617
Sensitivity/Recall: 0.5839
Specificity: 0.5443
F1: 0.5726
MCC: 0.1283
time elapsed: 1.4974238872528076
Fitting SVM ...
Predicting ...
Accuracy: 0.5498
Precision: 0.5734
Sensitivity/Recall: 0.3888
Specificity: 0.7108
F1: 0.4634
MCC: 0.1052
time elapsed: 2.127164840698242
##### du dataset, PCA encoding, train: both, test: 0
Loading partition datasets for du, train on both, test on 0
Loading PCA encoding ...
randomly dropping negatives (6936 positives, 6936 negatives)...
randomly dropping negatives (7959 positives, 7959 negatives)...
Train: 6936 positive PPIs, 6936 negative PPIs, all: 13872
Test: 7959 positive PPIs, 7959 negative PPIs, all: 15918
Fitting RF ...
Predicting ...
Accuracy: 0.8715
Precision: 0.8464
Sensitivity/Recall: 0.9078
Specificity: 0.8353
F1: 0.876
MCC: 0.745
time elapsed: 3.10135555267334
Fitting SVM ...
Predicting ...
Accuracy: 0.7041
Precision: 0.776
Sensitivity/Recall: 0.5738
Specificity: 0.8344
F1: 0.6598
MCC: 0.4228
time elapsed: 70.49098753929138
##### du dataset, PCA encoding, train: both, test: 1
Loading partition datasets for du, train on both, test on 1
Loading PCA encoding ...
randomly dropping negatives (6936 positives, 6936 negatives)...
randomly dropping negatives (2361 positives, 2361 negatives)...
Train: 6936 positive PPIs, 6936 negative PPIs, all: 13872
Test: 2361 positive PPIs, 2361 negative PPIs, all: 4722
Fitting RF ...
Predicting ...
Accuracy: 0.8528
Precision: 0.8769
Sensitivity/Recall: 0.8208
Specificity: 0.8848
F1: 0.848
MCC: 0.7071
time elapsed: 2.9177405834198
Fitting SVM ...
Predicting ...
Accuracy: 0.6351
Precision: 0.7784
Sensitivity/Recall: 0.3778
Specificity: 0.8924
F1: 0.5087
MCC: 0.3152
time elapsed: 37.005595207214355
##### du dataset, PCA encoding, train: 0, test: 1
Loading partition datasets for du, train on 0, test on 1
Loading PCA encoding ...
randomly dropping negatives (7959 positives, 7959 negatives)...
randomly dropping negatives (2361 positives, 2361 negatives)...
Train: 7959 positive PPIs, 7959 negative PPIs, all: 15918
Test: 2361 positive PPIs, 2361 negative PPIs, all: 4722
Fitting RF ...
Predicting ...
Accuracy: 0.5008
Precision: 0.5005
Sensitivity/Recall: 0.9314
Specificity: 0.0703
F1: 0.6511
MCC: 0.0033
time elapsed: 2.9727630615234375
Fitting SVM ...
Predicting ...
Accuracy: 0.5244
Precision: 0.5478
Sensitivity/Recall: 0.2791
Specificity: 0.7696
F1: 0.3698
MCC: 0.0559
time elapsed: 51.021878719329834
##### du dataset, MDS encoding, train: both, test: 0
Loading partition datasets for du, train on both, test on 0
Loading MDS encoding ...
randomly dropping negatives (6936 positives, 6936 negatives)...
randomly dropping negatives (7959 positives, 7959 negatives)...
Train: 6936 positive PPIs, 6936 negative PPIs, all: 13872
Test: 7959 positive PPIs, 7959 negative PPIs, all: 15918
Fitting RF ...
Predicting ...
Accuracy: 0.8704
Precision: 0.8451
Sensitivity/Recall: 0.907
Specificity: 0.8338
F1: 0.875
MCC: 0.7428
time elapsed: 2.9328951835632324
Fitting SVM ...
Predicting ...
Accuracy: 0.845
Precision: 0.8492
Sensitivity/Recall: 0.8389
Specificity: 0.851
F1: 0.844
MCC: 0.69
time elapsed: 99.41288018226624
##### du dataset, MDS encoding, train: both, test: 1
Loading partition datasets for du, train on both, test on 1
Loading MDS encoding ...
randomly dropping negatives (6936 positives, 6936 negatives)...
randomly dropping negatives (2361 positives, 2361 negatives)...
Train: 6936 positive PPIs, 6936 negative PPIs, all: 13872
Test: 2361 positive PPIs, 2361 negative PPIs, all: 4722
Fitting RF ...
Predicting ...
Accuracy: 0.8547
Precision: 0.8751
Sensitivity/Recall: 0.8276
Specificity: 0.8818
F1: 0.8507
MCC: 0.7105
time elapsed: 2.8611576557159424
Fitting SVM ...
Predicting ...
Accuracy: 0.8649
Precision: 0.8886
Sensitivity/Recall: 0.8344
Specificity: 0.8954
F1: 0.8606
MCC: 0.7311
time elapsed: 72.35896253585815
##### du dataset, MDS encoding, train: 0, test: 1
Loading partition datasets for du, train on 0, test on 1
Loading MDS encoding ...
randomly dropping negatives (7959 positives, 7959 negatives)...
randomly dropping negatives (2361 positives, 2361 negatives)...
Train: 7959 positive PPIs, 7959 negative PPIs, all: 15918
Test: 2361 positive PPIs, 2361 negative PPIs, all: 4722
Fitting RF ...
Predicting ...
Accuracy: 0.5
Precision: 0.5
Sensitivity/Recall: 0.9975
Specificity: 0.0025
F1: 0.6661
MCC: 0.0
time elapsed: 2.9775776863098145
Fitting SVM ...
Predicting ...
Accuracy: 0.5097
Precision: 0.5061
Sensitivity/Recall: 0.8132
Specificity: 0.2063
F1: 0.6239
MCC: 0.0245
time elapsed: 105.23461747169495
##### du dataset, node2vec encoding, train: both, test: 0
Loading partition datasets for du, train on both, test on 0
Loading node2vec encoding ...
sampling more negatives (6721 positives, 6716 negatives)...
randomly dropping negatives (7959 positives, 7959 negatives)...
Train: 6721 positive PPIs, 6721 negative PPIs, all: 13442
Test: 7959 positive PPIs, 7959 negative PPIs, all: 15918
Fitting RF ...
Predicting ...
Accuracy: 0.8683
Precision: 0.8431
Sensitivity/Recall: 0.9051
Specificity: 0.8315
F1: 0.873
MCC: 0.7387
time elapsed: 3.5725080966949463
Fitting SVM ...
Predicting ...
Accuracy: 0.8062
Precision: 0.8033
Sensitivity/Recall: 0.8109
Specificity: 0.8015
F1: 0.8071
MCC: 0.6124
time elapsed: 66.64309573173523
##### du dataset, node2vec encoding, train: both, test: 1
Loading partition datasets for du, train on both, test on 1
Loading node2vec encoding ...
sampling more negatives (6721 positives, 6716 negatives)...
randomly dropping negatives (2226 positives, 2238 negatives)...
Train: 6721 positive PPIs, 6721 negative PPIs, all: 13442
Test: 2226 positive PPIs, 2226 negative PPIs, all: 4452
Fitting RF ...
Predicting ...
Accuracy: 0.8513
Precision: 0.8724
Sensitivity/Recall: 0.823
Specificity: 0.8796
F1: 0.847
MCC: 0.7037
time elapsed: 3.3192660808563232
Fitting SVM ...
Predicting ...
Accuracy: 0.7756
Precision: 0.8227
Sensitivity/Recall: 0.7026
Specificity: 0.8486
F1: 0.7579
MCC: 0.5572
time elapsed: 42.23805642127991
##### du dataset, node2vec encoding, train: 0, test: 1
Loading partition datasets for du, train on 0, test on 1
Loading node2vec encoding ...
randomly dropping negatives (7959 positives, 7959 negatives)...
randomly dropping negatives (2226 positives, 2238 negatives)...
Train: 7959 positive PPIs, 7959 negative PPIs, all: 15918
Test: 2226 positive PPIs, 2226 negative PPIs, all: 4452
Fitting RF ...
Predicting ...
Accuracy: 0.5025
Precision: 0.5013
Sensitivity/Recall: 0.9322
Specificity: 0.0728
F1: 0.652
MCC: 0.0097
time elapsed: 3.554903507232666
Fitting SVM ...
Predicting ...
Accuracy: 0.5119
Precision: 0.5136
Sensitivity/Recall: 0.4506
Specificity: 0.5732
F1: 0.48
MCC: 0.024
time elapsed: 58.53117799758911
##### pan dataset, PCA encoding, train: both, test: 0
Loading partition datasets for pan, train on both, test on 0
Loading PCA encoding ...
randomly dropping negatives (12279 positives, 12279 negatives)...
randomly dropping negatives (14659 positives, 14659 negatives)...
Train: 12279 positive PPIs, 12279 negative PPIs, all: 24558
Test: 14659 positive PPIs, 14659 negative PPIs, all: 29318
Fitting RF ...
Predicting ...
Accuracy: 0.8154
Precision: 0.74
Sensitivity/Recall: 0.9727
Specificity: 0.6582
F1: 0.8405
MCC: 0.6646
time elapsed: 5.799026012420654
Fitting SVM ...
Predicting ...
Accuracy: 0.7127
Precision: 0.6812
Sensitivity/Recall: 0.7998
Specificity: 0.6256
F1: 0.7358
MCC: 0.4321
time elapsed: 210.55866122245789
##### pan dataset, PCA encoding, train: both, test: 1
Loading partition datasets for pan, train on both, test on 1
Loading PCA encoding ...
randomly dropping negatives (12279 positives, 12279 negatives)...
randomly dropping negatives (4541 positives, 4541 negatives)...
Train: 12279 positive PPIs, 12279 negative PPIs, all: 24558
Test: 4541 positive PPIs, 4541 negative PPIs, all: 9082
Fitting RF ...
Predicting ...
Accuracy: 0.9598
Precision: 0.9913
Sensitivity/Recall: 0.9278
Specificity: 0.9919
F1: 0.9585
MCC: 0.9215
time elapsed: 5.506255865097046
Fitting SVM ...
Predicting ...
Accuracy: 0.6971
Precision: 0.9274
Sensitivity/Recall: 0.4277
Specificity: 0.9665
F1: 0.5854
MCC: 0.4679
time elapsed: 153.54720211029053
##### pan dataset, PCA encoding, train: 0, test: 1
Loading partition datasets for pan, train on 0, test on 1
Loading PCA encoding ...
randomly dropping negatives (14659 positives, 14659 negatives)...
randomly dropping negatives (4541 positives, 4541 negatives)...
Train: 14659 positive PPIs, 14659 negative PPIs, all: 29318
Test: 4541 positive PPIs, 4541 negative PPIs, all: 9082
Fitting RF ...
Predicting ...
Accuracy: 0.5617
Precision: 0.7108
Sensitivity/Recall: 0.2079
Specificity: 0.9154
F1: 0.3217
MCC: 0.1745
time elapsed: 6.566091537475586
Fitting SVM ...
Predicting ...
Accuracy: 0.533
Precision: 0.5888
Sensitivity/Recall: 0.2191
Specificity: 0.847
F1: 0.3194
MCC: 0.0849
time elapsed: 208.55057740211487
##### pan dataset, MDS encoding, train: both, test: 0
Loading partition datasets for pan, train on both, test on 0
Loading MDS encoding ...
randomly dropping negatives (12279 positives, 12279 negatives)...
randomly dropping negatives (14659 positives, 14659 negatives)...
Train: 12279 positive PPIs, 12279 negative PPIs, all: 24558
Test: 14659 positive PPIs, 14659 negative PPIs, all: 29318
Fitting RF ...
Predicting ...
Accuracy: 0.8159
Precision: 0.7447
Sensitivity/Recall: 0.9617
Specificity: 0.6702
F1: 0.8394
MCC: 0.6606
time elapsed: 6.573017835617065
Fitting SVM ...
Predicting ...
Accuracy: 0.8125
Precision: 0.75
Sensitivity/Recall: 0.9375
Specificity: 0.6876
F1: 0.8334
MCC: 0.6456
time elapsed: 643.2551107406616
##### pan dataset, MDS encoding, train: both, test: 1
Loading partition datasets for pan, train on both, test on 1
Loading MDS encoding ...
randomly dropping negatives (12279 positives, 12279 negatives)...
randomly dropping negatives (4541 positives, 4541 negatives)...
Train: 12279 positive PPIs, 12279 negative PPIs, all: 24558
Test: 4541 positive PPIs, 4541 negative PPIs, all: 9082
Fitting RF ...
Predicting ...
Accuracy: 0.9751
Precision: 0.9905
Sensitivity/Recall: 0.9595
Specificity: 0.9908
F1: 0.9747
MCC: 0.9507
time elapsed: 6.2529966831207275
Fitting SVM ...
Predicting ...
Accuracy: 0.9574
Precision: 0.9908
Sensitivity/Recall: 0.9234
Specificity: 0.9914
F1: 0.9559
MCC: 0.9169
time elapsed: 507.93498730659485
##### pan dataset, MDS encoding, train: 0, test: 1
Loading partition datasets for pan, train on 0, test on 1
Loading MDS encoding ...
randomly dropping negatives (14659 positives, 14659 negatives)...
randomly dropping negatives (4541 positives, 4541 negatives)...
Train: 14659 positive PPIs, 14659 negative PPIs, all: 29318
Test: 4541 positive PPIs, 4541 negative PPIs, all: 9082
Fitting RF ...
Predicting ...
Accuracy: 0.5124
Precision: 0.5095
Sensitivity/Recall: 0.6697
Specificity: 0.3552
F1: 0.5787
MCC: 0.0262
time elapsed: 7.5597968101501465
Fitting SVM ...
Predicting ...
Accuracy: 0.4942
Precision: 0.4947
Sensitivity/Recall: 0.5431
Specificity: 0.4453
F1: 0.5177
MCC: -0.0117
time elapsed: 721.1383581161499
##### pan dataset, node2vec encoding, train: both, test: 0
Loading partition datasets for pan, train on both, test on 0
Loading node2vec encoding ...
sampling more negatives (12233 positives, 12224 negatives)...
randomly dropping negatives (14659 positives, 14659 negatives)...
Train: 12233 positive PPIs, 12233 negative PPIs, all: 24466
Test: 14659 positive PPIs, 14659 negative PPIs, all: 29318
Fitting RF ...
Predicting ...
Accuracy: 0.8003
Precision: 0.7295
Sensitivity/Recall: 0.9544
Specificity: 0.6462
F1: 0.827
MCC: 0.6313
time elapsed: 7.941263675689697
Fitting SVM ...
Predicting ...
Accuracy: 0.7092
Precision: 0.665
Sensitivity/Recall: 0.8434
Specificity: 0.5751
F1: 0.7436
MCC: 0.4344
time elapsed: 264.87033867836
##### pan dataset, node2vec encoding, train: both, test: 1
Loading partition datasets for pan, train on both, test on 1
Loading node2vec encoding ...
sampling more negatives (12233 positives, 12224 negatives)...
sampling more negatives (4499 positives, 4461 negatives)...
Train: 12233 positive PPIs, 12233 negative PPIs, all: 24466
Test: 4499 positive PPIs, 4499 negative PPIs, all: 8998
Fitting RF ...
Predicting ...
Accuracy: 0.9522
Precision: 0.9838
Sensitivity/Recall: 0.9195
Specificity: 0.9849
F1: 0.9506
MCC: 0.9064
time elapsed: 7.600585699081421
Fitting SVM ...
Predicting ...
Accuracy: 0.7144
Precision: 0.8155
Sensitivity/Recall: 0.5541
Specificity: 0.8746
F1: 0.6599
MCC: 0.4526
time elapsed: 172.30242156982422
##### pan dataset, node2vec encoding, train: 0, test: 1
Loading partition datasets for pan, train on 0, test on 1
Loading node2vec encoding ...
randomly dropping negatives (14659 positives, 14659 negatives)...
sampling more negatives (4499 positives, 4461 negatives)...
Train: 14659 positive PPIs, 14659 negative PPIs, all: 29318
Test: 4499 positive PPIs, 4499 negative PPIs, all: 8998
Fitting RF ...
Predicting ...
Accuracy: 0.5556
Precision: 0.5979
Sensitivity/Recall: 0.3394
Specificity: 0.7717
F1: 0.433
MCC: 0.1232
time elapsed: 8.445509672164917
Fitting SVM ...
Predicting ...
Accuracy: 0.59
Precision: 0.8309
Sensitivity/Recall: 0.2261
Specificity: 0.954
F1: 0.3554
MCC: 0.2626
time elapsed: 237.7173023223877
##### richoux dataset, PCA encoding, train: both, test: 0
Loading partition datasets for richoux, train on both, test on 0
Loading PCA encoding ...
randomly dropping negatives (17500 positives, 17500 negatives)...
randomly dropping negatives (15053 positives, 15053 negatives)...
Train: 17500 positive PPIs, 17500 negative PPIs, all: 35000
Test: 15053 positive PPIs, 15053 negative PPIs, all: 30106
Fitting RF ...
Predicting ...
Accuracy: 0.7877
Precision: 0.8274
Sensitivity/Recall: 0.727
Specificity: 0.8484
F1: 0.774
MCC: 0.5797
time elapsed: 10.58144474029541
Fitting SVM ...
Predicting ...
Accuracy: 0.6712
Precision: 0.6751
Sensitivity/Recall: 0.66
Specificity: 0.6824
F1: 0.6675
MCC: 0.3425
time elapsed: 606.6596987247467
##### richoux dataset, PCA encoding, train: both, test: 1
Loading partition datasets for richoux, train on both, test on 1
Loading PCA encoding ...
randomly dropping negatives (17500 positives, 17500 negatives)...
randomly dropping negatives (6864 positives, 6864 negatives)...
Train: 17500 positive PPIs, 17500 negative PPIs, all: 35000
Test: 6864 positive PPIs, 6864 negative PPIs, all: 13728
Fitting RF ...
Predicting ...
Accuracy: 0.7668
Precision: 0.9055
Sensitivity/Recall: 0.5959
Specificity: 0.9378
F1: 0.7187
MCC: 0.5679
time elapsed: 10.282045364379883
Fitting SVM ...
Predicting ...
Accuracy: 0.6102
Precision: 0.7695
Sensitivity/Recall: 0.3147
Specificity: 0.9057
F1: 0.4467
MCC: 0.2733
time elapsed: 420.69013714790344
##### richoux dataset, PCA encoding, train: 0, test: 1
Loading partition datasets for richoux, train on 0, test on 1
Loading PCA encoding ...
randomly dropping negatives (15053 positives, 15053 negatives)...
randomly dropping negatives (6864 positives, 6864 negatives)...
Train: 15053 positive PPIs, 15053 negative PPIs, all: 30106
Test: 6864 positive PPIs, 6864 negative PPIs, all: 13728
Fitting RF ...
Predicting ...
Accuracy: 0.5072
Precision: 0.8722
Sensitivity/Recall: 0.0169
Specificity: 0.9975
F1: 0.0332
MCC: 0.0736
time elapsed: 7.539305210113525
Fitting SVM ...
Predicting ...
Accuracy: 0.5033
Precision: 0.6027
Sensitivity/Recall: 0.0192
Specificity: 0.9873
F1: 0.0373
MCC: 0.0262
time elapsed: 297.3396954536438
##### richoux dataset, MDS encoding, train: both, test: 0
Loading partition datasets for richoux, train on both, test on 0
Loading MDS encoding ...
randomly dropping negatives (17500 positives, 17500 negatives)...
randomly dropping negatives (15053 positives, 15053 negatives)...
Train: 17500 positive PPIs, 17500 negative PPIs, all: 35000
Test: 15053 positive PPIs, 15053 negative PPIs, all: 30106
Fitting RF ...
Predicting ...
Accuracy: 0.7903
Precision: 0.8698
Sensitivity/Recall: 0.6828
Specificity: 0.8978
F1: 0.765
MCC: 0.5945
time elapsed: 12.129832983016968
Fitting SVM ...
Predicting ...
Accuracy: 0.7513
Precision: 0.863
Sensitivity/Recall: 0.5974
Specificity: 0.9051
F1: 0.7061
MCC: 0.5282
time elapsed: 1104.7238063812256
##### richoux dataset, MDS encoding, train: both, test: 1
Loading partition datasets for richoux, train on both, test on 1
Loading MDS encoding ...
randomly dropping negatives (17500 positives, 17500 negatives)...
randomly dropping negatives (6864 positives, 6864 negatives)...
Train: 17500 positive PPIs, 17500 negative PPIs, all: 35000
Test: 6864 positive PPIs, 6864 negative PPIs, all: 13728
Fitting RF ...
Predicting ...
Accuracy: 0.8149
Precision: 0.8766
Sensitivity/Recall: 0.733
Specificity: 0.8969
F1: 0.7984
MCC: 0.6384
time elapsed: 11.9039466381073
Fitting SVM ...
Predicting ...
Accuracy: 0.7824
Precision: 0.8879
Sensitivity/Recall: 0.6464
Specificity: 0.9184
F1: 0.7482
MCC: 0.587
time elapsed: 937.7986705303192
##### richoux dataset, MDS encoding, train: 0, test: 1
Loading partition datasets for richoux, train on 0, test on 1
Loading MDS encoding ...
randomly dropping negatives (15053 positives, 15053 negatives)...
randomly dropping negatives (6864 positives, 6864 negatives)...
Train: 15053 positive PPIs, 15053 negative PPIs, all: 30106
Test: 6864 positive PPIs, 6864 negative PPIs, all: 13728
Fitting RF ...
Predicting ...
Accuracy: 0.4993
Precision: 0.4082
Sensitivity/Recall: 0.0029
Specificity: 0.9958
F1: 0.0058
MCC: -0.011
time elapsed: 8.981905937194824
Fitting SVM ...
Predicting ...
Accuracy: 0.501
Precision: 0.516
Sensitivity/Recall: 0.0329
Specificity: 0.9691
F1: 0.0619
MCC: 0.0058
time elapsed: 696.5605206489563
##### richoux dataset, node2vec encoding, train: both, test: 0
Loading partition datasets for richoux, train on both, test on 0
Loading node2vec encoding ...
randomly dropping negatives (17290 positives, 17303 negatives)...
randomly dropping negatives (15053 positives, 15053 negatives)...
Train: 17290 positive PPIs, 17290 negative PPIs, all: 34580
Test: 15053 positive PPIs, 15053 negative PPIs, all: 30106
Fitting RF ...
Predicting ...
Accuracy: 0.7892
Precision: 0.8058
Sensitivity/Recall: 0.7622
Specificity: 0.8163
F1: 0.7834
MCC: 0.5793
time elapsed: 11.480446338653564
Fitting SVM ...
Predicting ...
Accuracy: 0.693
Precision: 0.6748
Sensitivity/Recall: 0.7449
Specificity: 0.641
F1: 0.7081
MCC: 0.388
time elapsed: 626.2044415473938
##### richoux dataset, node2vec encoding, train: both, test: 1
Loading partition datasets for richoux, train on both, test on 1
Loading node2vec encoding ...
randomly dropping negatives (17290 positives, 17303 negatives)...
randomly dropping negatives (6554 positives, 6706 negatives)...
Train: 17290 positive PPIs, 17290 negative PPIs, all: 34580
Test: 6554 positive PPIs, 6554 negative PPIs, all: 13108
Fitting RF ...
Predicting ...
Accuracy: 0.7659
Precision: 0.8688
Sensitivity/Recall: 0.6263
Specificity: 0.9054
F1: 0.7279
MCC: 0.5537
time elapsed: 11.001867294311523
Fitting SVM ...
Predicting ...
Accuracy: 0.6497
Precision: 0.7061
Sensitivity/Recall: 0.5128
Specificity: 0.7865
F1: 0.5941
MCC: 0.3112
time elapsed: 396.79508233070374
##### richoux dataset, node2vec encoding, train: 0, test: 1
Loading partition datasets for richoux, train on 0, test on 1
Loading node2vec encoding ...
randomly dropping negatives (15053 positives, 15053 negatives)...
randomly dropping negatives (6554 positives, 6706 negatives)...
Train: 15053 positive PPIs, 15053 negative PPIs, all: 30106
Test: 6554 positive PPIs, 6554 negative PPIs, all: 13108
Fitting RF ...
Predicting ...
Accuracy: 0.5107
Precision: 0.7288
Sensitivity/Recall: 0.034
Specificity: 0.9873
F1: 0.065
MCC: 0.0707
time elapsed: 8.797826528549194
Fitting SVM ...
Predicting ...
Accuracy: 0.5195
Precision: 0.6744
Sensitivity/Recall: 0.0755
Specificity: 0.9635
F1: 0.1358
MCC: 0.0849
time elapsed: 273.3693091869354
########################### GOLD STANDARD ###########################
##### PCA encoding
loading gold standard ...
randomly dropping negatives (109699 positives, 109699 negatives)...
randomly dropping negatives (24700 positives, 24700 negatives)...
Train: 109699 positive PPIs, 109699 negative PPIs, all: 219398
Test: 24700 positive PPIs, 24700 negative PPIs, all: 49400
Fitting RF ...
Predicting ...
Accuracy: 0.5176
Precision: 0.5427
Sensitivity/Recall: 0.2235
Specificity: 0.8116
F1: 0.3166
MCC: 0.0434
time elapsed: 62.56132769584656
Fitting SVM ...
Predicting ...
Accuracy: 0.5007
Precision: 0.5005
Sensitivity/Recall: 0.7449
Specificity: 0.2566
F1: 0.5987
MCC: 0.0017
time elapsed: 20631.821898698807
##### MDS encoding
loading gold standard ...
randomly dropping negatives (109699 positives, 109699 negatives)...
randomly dropping negatives (24700 positives, 24700 negatives)...
Train: 109699 positive PPIs, 109699 negative PPIs, all: 219398
Test: 24700 positive PPIs, 24700 negative PPIs, all: 49400
Fitting RF ...
Predicting ...
Accuracy: 0.4987
Precision: 0.4945
Sensitivity/Recall: 0.1154
Specificity: 0.882
F1: 0.1872
MCC: -0.004
time elapsed: 75.85661721229553
Fitting SVM ...
Predicting ...
Accuracy: 0.5014
Precision: 0.5022
Sensitivity/Recall: 0.3116
Specificity: 0.6911
F1: 0.3846
MCC: 0.0029
time elapsed: 28481.885104179382
##### node2vec encoding
loading gold standard ...
randomly dropping negatives (109699 positives, 109699 negatives)...
sampling more negatives (24268 positives, 24200 negatives)...
Train: 109699 positive PPIs, 109699 negative PPIs, all: 219398
Test: 24268 positive PPIs, 24268 negative PPIs, all: 48536
Fitting RF ...
Predicting ...
Accuracy: 0.5094
Precision: 0.5228
Sensitivity/Recall: 0.216
Specificity: 0.8028
F1: 0.3057
MCC: 0.0233
time elapsed: 96.21809601783752
Fitting SVM ...
Predicting ...
Accuracy: 0.5392
Precision: 0.5329
Sensitivity/Recall: 0.6346
Specificity: 0.4438
F1: 0.5793
MCC: 0.0798
time elapsed: 18778.04233598709
